<?xml version="1.0" encoding="UTF-8" ?>
<testsuite errors="2" failures="0" hostname="214-004-230-037.dialin.vsenet.de" name="com.moodle.test.moodleinstallation.Install23" skipped="0" tests="0" time="0.807" timestamp="2015-12-19T22:46:38">
  <properties>
    <property name="java.vendor" value="Oracle Corporation" />
    <property name="libs" value="/Users/adityanisal/IdeaProjects/functional-test-suite/lib" />
    <property name="sun.java.launcher" value="SUN_STANDARD" />
    <property name="sun.management.compiler" value="HotSpot 64-Bit Tiered Compilers" />
    <property name="os.name" value="Mac OS X" />
    <property name="sun.boot.class.path" value="/Library/Java/JavaVirtualMachines/jdk1.8.0_45.jdk/Contents/Home/jre/lib/resources.jar:/Library/Java/JavaVirtualMachines/jdk1.8.0_45.jdk/Contents/Home/jre/lib/rt.jar:/Library/Java/JavaVirtualMachines/jdk1.8.0_45.jdk/Contents/Home/jre/lib/sunrsasign.jar:/Library/Java/JavaVirtualMachines/jdk1.8.0_45.jdk/Contents/Home/jre/lib/jsse.jar:/Library/Java/JavaVirtualMachines/jdk1.8.0_45.jdk/Contents/Home/jre/lib/jce.jar:/Library/Java/JavaVirtualMachines/jdk1.8.0_45.jdk/Contents/Home/jre/lib/charsets.jar:/Library/Java/JavaVirtualMachines/jdk1.8.0_45.jdk/Contents/Home/jre/lib/jfr.jar:/Library/Java/JavaVirtualMachines/jdk1.8.0_45.jdk/Contents/Home/jre/classes" />
    <property name="ant.file.Run Selenium Tests" value="/Users/adityanisal/IdeaProjects/functional-test-suite/build.xml" />
    <property name="user.country.format" value="DE" />
    <property name="java.vm.specification.vendor" value="Oracle Corporation" />
    <property name="ant.home" value="/usr/local/Cellar/ant/1.9.6/libexec" />
    <property name="java.runtime.version" value="1.8.0_45-b14" />
    <property name="user.name" value="adityanisal" />
    <property name="sublibs" value="/Users/adityanisal/IdeaProjects/functional-test-suite/lib/selenium-2.25.0/libs" />
    <property name="user.language" value="en" />
    <property name="testresults" value="/Users/adityanisal/IdeaProjects/functional-test-suite/junit-results" />
    <property name="build" value="/Users/adityanisal/IdeaProjects/functional-test-suite/build" />
    <property name="sun.boot.library.path" value="/Library/Java/JavaVirtualMachines/jdk1.8.0_45.jdk/Contents/Home/jre/lib" />
    <property name="ant.project.default-target" value="all_selenium_tests" />
    <property name="ant.project.name" value="Run Selenium Tests" />
    <property name="java.version" value="1.8.0_45" />
    <property name="ant.file.type.Run Selenium Tests" value="file" />
    <property name="user.timezone" value="Europe/Berlin" />
    <property name="sun.arch.data.model" value="64" />
    <property name="java.endorsed.dirs" value="/Library/Java/JavaVirtualMachines/jdk1.8.0_45.jdk/Contents/Home/jre/lib/endorsed" />
    <property name="sun.cpu.isalist" value="" />
    <property name="sun.jnu.encoding" value="UTF-8" />
    <property name="file.encoding.pkg" value="sun.io" />
    <property name="file.separator" value="/" />
    <property name="java.specification.name" value="Java Platform API Specification" />
    <property name="java.class.version" value="52.0" />
    <property name="src" value="/Users/adityanisal/IdeaProjects/functional-test-suite/src" />
    <property name="user.country" value="US" />
    <property name="java.home" value="/Library/Java/JavaVirtualMachines/jdk1.8.0_45.jdk/Contents/Home/jre" />
    <property name="java.vm.info" value="mixed mode" />
    <property name="ant.file" value="/Users/adityanisal/IdeaProjects/functional-test-suite/build.xml" />
    <property name="os.version" value="10.10.5" />
    <property name="path.separator" value=":" />
    <property name="java.vm.version" value="25.45-b02" />
    <property name="ant.library.dir" value="/usr/local/Cellar/ant/1.9.6/libexec/lib" />
    <property name="java.awt.printerjob" value="sun.lwawt.macosx.CPrinterJob" />
    <property name="sun.io.unicode.encoding" value="UnicodeBig" />
    <property name="awt.toolkit" value="sun.lwawt.macosx.LWCToolkit" />
    <property name="user.home" value="/Users/adityanisal" />
    <property name="java.specification.vendor" value="Oracle Corporation" />
    <property name="java.library.path" value="/Users/adityanisal/Library/Java/Extensions:/Library/Java/Extensions:/Network/Library/Java/Extensions:/System/Library/Java/Extensions:/usr/lib/java:." />
    <property name="java.vendor.url" value="http://java.oracle.com/" />
    <property name="java.vm.vendor" value="Oracle Corporation" />
    <property name="gopherProxySet" value="false" />
    <property name="java.runtime.name" value="Java(TM) SE Runtime Environment" />
    <property name="sun.java.command" value="org.apache.tools.ant.taskdefs.optional.junit.JUnitTestRunner com.moodle.test.moodleinstallation.Install23 skipNonTests=false filtertrace=true haltOnError=false haltOnFailure=false formatter=org.apache.tools.ant.taskdefs.optional.junit.SummaryJUnitResultFormatter showoutput=false outputtoformatters=true logfailedtests=true threadid=0 logtestlistenerevents=false formatter=org.apache.tools.ant.taskdefs.optional.junit.XMLJUnitResultFormatter,/Users/adityanisal/IdeaProjects/functional-test-suite/junit-results/TEST-com.moodle.test.moodleinstallation.Install23.xml crashfile=/Users/adityanisal/IdeaProjects/functional-test-suite/junitvmwatcher4493259633330962713.properties propsfile=/Users/adityanisal/IdeaProjects/functional-test-suite/junit4950563499297254197.properties" />
    <property name="java.class.path" value="/Users/adityanisal/IdeaProjects/functional-test-suite/lib/junit-4.10.jar:/Users/adityanisal/IdeaProjects/functional-test-suite/lib/selenium-2.25.0/selenium-server-standalone-2.25.0.jar:/Users/adityanisal/IdeaProjects/functional-test-suite/lib/selenium-2.25.0/libs/apache-mime4j-0.6.jar:/Users/adityanisal/IdeaProjects/functional-test-suite/lib/selenium-2.25.0/libs/bcpkix-jdk15on-1.47.jar:/Users/adityanisal/IdeaProjects/functional-test-suite/lib/selenium-2.25.0/libs/bcprov-jdk15on-147.jar:/Users/adityanisal/IdeaProjects/functional-test-suite/lib/selenium-2.25.0/libs/bsh-1.3.0.jar:/Users/adityanisal/IdeaProjects/functional-test-suite/lib/selenium-2.25.0/libs/cglib-nodep-2.1_3.jar:/Users/adityanisal/IdeaProjects/functional-test-suite/lib/selenium-2.25.0/libs/commons-codec-1.6.jar:/Users/adityanisal/IdeaProjects/functional-test-suite/lib/selenium-2.25.0/libs/commons-collections-3.2.1.jar:/Users/adityanisal/IdeaProjects/functional-test-suite/lib/selenium-2.25.0/libs/commons-el-1.0.jar:/Users/adityanisal/IdeaProjects/functional-test-suite/lib/selenium-2.25.0/libs/commons-exec-1.1.jar:/Users/adityanisal/IdeaProjects/functional-test-suite/lib/selenium-2.25.0/libs/commons-io-2.0.1.jar:/Users/adityanisal/IdeaProjects/functional-test-suite/lib/selenium-2.25.0/libs/commons-jxpath-1.3.jar:/Users/adityanisal/IdeaProjects/functional-test-suite/lib/selenium-2.25.0/libs/commons-lang-2.6.jar:/Users/adityanisal/IdeaProjects/functional-test-suite/lib/selenium-2.25.0/libs/commons-logging-1.1.1.jar:/Users/adityanisal/IdeaProjects/functional-test-suite/lib/selenium-2.25.0/libs/cssparser-0.9.5.jar:/Users/adityanisal/IdeaProjects/functional-test-suite/lib/selenium-2.25.0/libs/guava-12.0.jar:/Users/adityanisal/IdeaProjects/functional-test-suite/lib/selenium-2.25.0/libs/hamcrest-core-1.1.jar:/Users/adityanisal/IdeaProjects/functional-test-suite/lib/selenium-2.25.0/libs/hamcrest-library-1.1.jar:/Users/adityanisal/IdeaProjects/functional-test-suite/lib/selenium-2.25.0/libs/htmlunit-2.9.jar:/Users/adityanisal/IdeaProjects/functional-test-suite/lib/selenium-2.25.0/libs/htmlunit-core-js-2.9.jar:/Users/adityanisal/IdeaProjects/functional-test-suite/lib/selenium-2.25.0/libs/httpclient-4.1.3.jar:/Users/adityanisal/IdeaProjects/functional-test-suite/lib/selenium-2.25.0/libs/httpcore-4.1.3.jar:/Users/adityanisal/IdeaProjects/functional-test-suite/lib/selenium-2.25.0/libs/httpmime-4.1.3.jar:/Users/adityanisal/IdeaProjects/functional-test-suite/lib/selenium-2.25.0/libs/jasper-compiler-5.5.15.jar:/Users/adityanisal/IdeaProjects/functional-test-suite/lib/selenium-2.25.0/libs/jasper-compiler-jdt-5.5.15.jar:/Users/adityanisal/IdeaProjects/functional-test-suite/lib/selenium-2.25.0/libs/jasper-runtime-5.5.15.jar:/Users/adityanisal/IdeaProjects/functional-test-suite/lib/selenium-2.25.0/libs/jcip-annotations-1.0.jar:/Users/adityanisal/IdeaProjects/functional-test-suite/lib/selenium-2.25.0/libs/jcommander-1.13.jar:/Users/adityanisal/IdeaProjects/functional-test-suite/lib/selenium-2.25.0/libs/jetty-repacked-7.6.1.jar:/Users/adityanisal/IdeaProjects/functional-test-suite/lib/selenium-2.25.0/libs/jna-3.4.0.jar:/Users/adityanisal/IdeaProjects/functional-test-suite/lib/selenium-2.25.0/libs/jna-platform-3.4.0.jar:/Users/adityanisal/IdeaProjects/functional-test-suite/lib/selenium-2.25.0/libs/json-20080701.jar:/Users/adityanisal/IdeaProjects/functional-test-suite/lib/selenium-2.25.0/libs/junit-dep-4.10.jar:/Users/adityanisal/IdeaProjects/functional-test-suite/lib/selenium-2.25.0/libs/nekohtml-1.9.15.jar:/Users/adityanisal/IdeaProjects/functional-test-suite/lib/selenium-2.25.0/libs/netty-3.2.7.Final.jar:/Users/adityanisal/IdeaProjects/functional-test-suite/lib/selenium-2.25.0/libs/operadriver-0.14.jar:/Users/adityanisal/IdeaProjects/functional-test-suite/lib/selenium-2.25.0/libs/protobuf-java-2.4.1.jar:/Users/adityanisal/IdeaProjects/functional-test-suite/lib/selenium-2.25.0/libs/sac-1.3.jar:/Users/adityanisal/IdeaProjects/functional-test-suite/lib/selenium-2.25.0/libs/serializer-2.7.1.jar:/Users/adityanisal/IdeaProjects/functional-test-suite/lib/selenium-2.25.0/libs/servlet-api-2.5-6.1.9.jar:/Users/adityanisal/IdeaProjects/functional-test-suite/lib/selenium-2.25.0/libs/snakeyaml-1.8.jar:/Users/adityanisal/IdeaProjects/functional-test-suite/lib/selenium-2.25.0/libs/testng-6.0.1-nobsh-noguice.jar:/Users/adityanisal/IdeaProjects/functional-test-suite/lib/selenium-2.25.0/libs/webbit-0.4.8-SNAPSHOT.jar:/Users/adityanisal/IdeaProjects/functional-test-suite/lib/selenium-2.25.0/libs/xalan-2.7.1.jar:/Users/adityanisal/IdeaProjects/functional-test-suite/lib/selenium-2.25.0/libs/xml-apis-1.3.04.jar:/Users/adityanisal/IdeaProjects/functional-test-suite/build:/Users/adityanisal/IdeaProjects/functional-test-suite/src:/usr/local/Cellar/ant/1.9.6/libexec/lib/ant-launcher.jar:/usr/local/Cellar/ant/1.9.6/libexec/lib/ant.jar:/usr/local/Cellar/ant/1.9.6/libexec/lib/ant-junit.jar:/usr/local/Cellar/ant/1.9.6/libexec/lib/ant-junit4.jar" />
    <property name="ant.version" value="Apache Ant(TM) version 1.9.6 compiled on June 29 2015" />
    <property name="testreport" value="/Users/adityanisal/IdeaProjects/functional-test-suite/junit-report" />
    <property name="java.vm.specification.name" value="Java Virtual Machine Specification" />
    <property name="ant.file.type" value="file" />
    <property name="java.vm.specification.version" value="1.8" />
    <property name="sun.cpu.endian" value="little" />
    <property name="sun.os.patch.level" value="unknown" />
    <property name="java.io.tmpdir" value="/var/folders/yl/mjbhdy0d3d3flkv294x3yzhr0000gn/T/" />
    <property name="java.vendor.url.bug" value="http://bugreport.sun.com/bugreport/" />
    <property name="os.arch" value="x86_64" />
    <property name="java.awt.graphicsenv" value="sun.awt.CGraphicsEnvironment" />
    <property name="java.ext.dirs" value="/Users/adityanisal/Library/Java/Extensions:/Library/Java/JavaVirtualMachines/jdk1.8.0_45.jdk/Contents/Home/jre/lib/ext:/Library/Java/Extensions:/Network/Library/Java/Extensions:/System/Library/Java/Extensions:/usr/lib/java" />
    <property name="user.dir" value="/Users/adityanisal/IdeaProjects/functional-test-suite" />
    <property name="line.separator" value="&#xa;" />
    <property name="java.vm.name" value="Java HotSpot(TM) 64-Bit Server VM" />
    <property name="basedir" value="/Users/adityanisal/IdeaProjects/functional-test-suite" />
    <property name="ant.java.version" value="1.8" />
    <property name="ant.core.lib" value="/usr/local/Cellar/ant/1.9.6/libexec/lib/ant.jar" />
    <property name="file.encoding" value="UTF-8" />
    <property name="sellibs" value="/Users/adityanisal/IdeaProjects/functional-test-suite/lib/selenium-2.25.0" />
    <property name="java.specification.version" value="1.8" />
    <property name="ant.project.invoked-targets" value="run_tests" />
  </properties>
  <testcase classname="junit.framework.TestSuite" name="com.moodle.test.moodleinstallation.Install23" time="0.0">
    <error message="&#xa;Command duration or timeout: 173 milliseconds&#xa;Build info: version: &apos;2.25.0&apos;, revision: &apos;17482&apos;, time: &apos;2012-07-18 21:08:56&apos;&#xa;System info: os.name: &apos;Mac OS X&apos;, os.arch: &apos;x86_64&apos;, os.version: &apos;10.10.5&apos;, java.version: &apos;1.8.0_45&apos;&#xa;Driver info: driver.version: RemoteWebDriver" type="org.openqa.selenium.WebDriverException">org.openqa.selenium.WebDriverException: 
Command duration or timeout: 173 milliseconds
Build info: version: &apos;2.25.0&apos;, revision: &apos;17482&apos;, time: &apos;2012-07-18 21:08:56&apos;
System info: os.name: &apos;Mac OS X&apos;, os.arch: &apos;x86_64&apos;, os.version: &apos;10.10.5&apos;, java.version: &apos;1.8.0_45&apos;
Driver info: driver.version: RemoteWebDriver
	at java.lang.reflect.Constructor.newInstance(Constructor.java:422)
	at org.openqa.selenium.remote.ErrorHandler.createThrowable(ErrorHandler.java:188)
	at org.openqa.selenium.remote.ErrorHandler.throwIfResponseFailed(ErrorHandler.java:145)
	at org.openqa.selenium.remote.RemoteWebDriver.execute(RemoteWebDriver.java:498)
	at org.openqa.selenium.remote.RemoteWebDriver.startSession(RemoteWebDriver.java:182)
	at org.openqa.selenium.remote.RemoteWebDriver.&lt;init&gt;(RemoteWebDriver.java:110)
	at org.openqa.selenium.remote.RemoteWebDriver.&lt;init&gt;(RemoteWebDriver.java:128)
	at com.moodle.test.SeleniumManager.startRemotes(SeleniumManager.java:48)
	at com.moodle.test.TestRunSettings.automateTestSetup(TestRunSettings.java:73)
</error>
  </testcase>
  <testcase classname="junit.framework.TestSuite" name="com.moodle.test.moodleinstallation.Install23" time="0.003">
    <error type="java.lang.NullPointerException">java.lang.NullPointerException
	at com.moodle.test.SeleniumManager.teardown(SeleniumManager.java:169)
	at com.moodle.test.TestRunSettings.Quit(TestRunSettings.java:84)
</error>
  </testcase>
  <system-out><![CDATA[]]></system-out>
  <system-err><![CDATA[]]></system-err>
</testsuite>
