<?xml version="1.0" encoding="UTF-8" ?>
<testsuite errors="1" failures="0" hostname="timnsaf" name="com.moodle.test.datacreation.MDLQADT5TurnOffTinyMCE" tests="2" time="64.009" timestamp="2012-07-29T00:11:00">
  <properties>
    <property name="java.vendor" value="Sun Microsystems Inc." />
    <property name="libs" value="/home/timnsaf/functional-test-suite/lib" />
    <property name="sun.java.launcher" value="SUN_STANDARD" />
    <property name="eclipse.pdebuild.templates" value="/home/timnsaf/Apps/eclipse/plugins/org.eclipse.pde.build_3.7.0.v20111116-2009/templates//" />
    <property name="sun.management.compiler" value="HotSpot 64-Bit Tiered Compilers" />
    <property name="os.name" value="Linux" />
    <property name="sun.boot.class.path" value="/usr/lib/jvm/java-6-openjdk-amd64/jre/lib/resources.jar:/usr/lib/jvm/java-6-openjdk-amd64/jre/lib/rt.jar:/usr/lib/jvm/java-6-openjdk-amd64/jre/lib/sunrsasign.jar:/usr/lib/jvm/java-6-openjdk-amd64/jre/lib/jsse.jar:/usr/lib/jvm/java-6-openjdk-amd64/jre/lib/jce.jar:/usr/lib/jvm/java-6-openjdk-amd64/jre/lib/charsets.jar:/usr/lib/jvm/java-6-openjdk-amd64/jre/lib/netx.jar:/usr/lib/jvm/java-6-openjdk-amd64/jre/lib/plugin.jar:/usr/lib/jvm/java-6-openjdk-amd64/jre/lib/rhino.jar:/usr/lib/jvm/java-6-openjdk-amd64/jre/lib/modules/jdk.boot.jar:/usr/lib/jvm/java-6-openjdk-amd64/jre/classes" />
    <property name="ant.file.Run Selenium Tests" value="/home/timnsaf/functional-test-suite/build.xml" />
    <property name="sun.desktop" value="gnome" />
    <property name="java.vm.specification.vendor" value="Sun Microsystems Inc." />
    <property name="ant.home" value="/home/timnsaf/Apps/eclipse/plugins/org.apache.ant_1.8.2.v20120109-1030" />
    <property name="java.runtime.version" value="1.6.0_24-b24" />
    <property name="user.name" value="timnsaf" />
    <property name="sublibs" value="/home/timnsaf/functional-test-suite/lib/selenium-2.25.0/libs" />
    <property name="user.language" value="en" />
    <property name="testresults" value="/home/timnsaf/functional-test-suite/junit-results" />
    <property name="build" value="/home/timnsaf/functional-test-suite/build" />
    <property name="sun.boot.library.path" value="/usr/lib/jvm/java-6-openjdk-amd64/jre/lib/amd64" />
    <property name="ant.project.default-target" value="all_selenium_tests" />
    <property name="ant.project.name" value="Run Selenium Tests" />
    <property name="java.version" value="1.6.0_24" />
    <property name="ant.file.type.Run Selenium Tests" value="file" />
    <property name="user.timezone" value="" />
    <property name="sun.arch.data.model" value="64" />
    <property name="java.endorsed.dirs" value="/usr/lib/jvm/java-6-openjdk-amd64/jre/lib/endorsed" />
    <property name="sun.cpu.isalist" value="" />
    <property name="sun.jnu.encoding" value="UTF-8" />
    <property name="file.encoding.pkg" value="sun.io" />
    <property name="file.separator" value="/" />
    <property name="java.specification.name" value="Java Platform API Specification" />
    <property name="java.class.version" value="50.0" />
    <property name="src" value="/home/timnsaf/functional-test-suite/src" />
    <property name="user.country" value="AU" />
    <property name="java.home" value="/usr/lib/jvm/java-6-openjdk-amd64/jre" />
    <property name="java.vm.info" value="mixed mode" />
    <property name="ant.file" value="/home/timnsaf/functional-test-suite/build.xml" />
    <property name="os.version" value="3.2.0-27-generic" />
    <property name="path.separator" value=":" />
    <property name="java.vm.version" value="20.0-b12" />
    <property name="ant.library.dir" value="/home/timnsaf/Apps/eclipse/plugins/org.apache.ant_1.8.2.v20120109-1030/lib" />
    <property name="java.awt.printerjob" value="sun.print.PSPrinterJob" />
    <property name="sun.io.unicode.encoding" value="UnicodeLittle" />
    <property name="eclipse.pdebuild.scripts" value="/home/timnsaf/Apps/eclipse/plugins/org.eclipse.pde.build_3.7.0.v20111116-2009/scripts//" />
    <property name="user.home" value="/home/timnsaf" />
    <property name="junit.error" value="true" />
    <property name="java.specification.vendor" value="Sun Microsystems Inc." />
    <property name="java.library.path" value="/usr/lib/jvm/java-6-openjdk-amd64/jre/lib/amd64/server:/usr/lib/jvm/java-6-openjdk-amd64/jre/lib/amd64:/usr/lib/jvm/java-6-openjdk-amd64/jre/../lib/amd64:/usr/java/packages/lib/amd64:/usr/lib/x86_64-linux-gnu/jni:/lib/x86_64-linux-gnu:/usr/lib/x86_64-linux-gnu:/usr/lib/jni:/lib:/usr/lib" />
    <property name="java.vendor.url" value="http://java.sun.com/" />
    <property name="java.vm.vendor" value="Sun Microsystems Inc." />
    <property name="java.runtime.name" value="OpenJDK Runtime Environment" />
    <property name="sun.java.command" value="org.apache.tools.ant.taskdefs.optional.junit.JUnitTestRunner com.moodle.test.datacreation.MDLQADT5TurnOffTinyMCE filtertrace=true haltOnError=false haltOnFailure=false formatter=org.apache.tools.ant.taskdefs.optional.junit.SummaryJUnitResultFormatter showoutput=false outputtoformatters=true logfailedtests=true logtestlistenerevents=false formatter=org.apache.tools.ant.taskdefs.optional.junit.XMLJUnitResultFormatter,/home/timnsaf/functional-test-suite/junit-results/TEST-com.moodle.test.datacreation.MDLQADT5TurnOffTinyMCE.xml crashfile=/home/timnsaf/functional-test-suite/junitvmwatcher3252203169900648747.properties propsfile=/home/timnsaf/functional-test-suite/junit1989264581322580853.properties" />
    <property name="java.class.path" value="/home/timnsaf/functional-test-suite/lib/junit-4.10.jar:/home/timnsaf/functional-test-suite/lib/selenium-2.25.0/selenium-server-standalone-2.25.0.jar:/home/timnsaf/functional-test-suite/lib/selenium-2.25.0/libs/apache-mime4j-0.6.jar:/home/timnsaf/functional-test-suite/lib/selenium-2.25.0/libs/bcpkix-jdk15on-1.47.jar:/home/timnsaf/functional-test-suite/lib/selenium-2.25.0/libs/bcprov-jdk15on-147.jar:/home/timnsaf/functional-test-suite/lib/selenium-2.25.0/libs/bsh-1.3.0.jar:/home/timnsaf/functional-test-suite/lib/selenium-2.25.0/libs/cglib-nodep-2.1_3.jar:/home/timnsaf/functional-test-suite/lib/selenium-2.25.0/libs/commons-codec-1.6.jar:/home/timnsaf/functional-test-suite/lib/selenium-2.25.0/libs/commons-collections-3.2.1.jar:/home/timnsaf/functional-test-suite/lib/selenium-2.25.0/libs/commons-el-1.0.jar:/home/timnsaf/functional-test-suite/lib/selenium-2.25.0/libs/commons-exec-1.1.jar:/home/timnsaf/functional-test-suite/lib/selenium-2.25.0/libs/commons-io-2.0.1.jar:/home/timnsaf/functional-test-suite/lib/selenium-2.25.0/libs/commons-jxpath-1.3.jar:/home/timnsaf/functional-test-suite/lib/selenium-2.25.0/libs/commons-lang-2.6.jar:/home/timnsaf/functional-test-suite/lib/selenium-2.25.0/libs/commons-logging-1.1.1.jar:/home/timnsaf/functional-test-suite/lib/selenium-2.25.0/libs/cssparser-0.9.5.jar:/home/timnsaf/functional-test-suite/lib/selenium-2.25.0/libs/guava-12.0.jar:/home/timnsaf/functional-test-suite/lib/selenium-2.25.0/libs/hamcrest-core-1.1.jar:/home/timnsaf/functional-test-suite/lib/selenium-2.25.0/libs/hamcrest-library-1.1.jar:/home/timnsaf/functional-test-suite/lib/selenium-2.25.0/libs/htmlunit-2.9.jar:/home/timnsaf/functional-test-suite/lib/selenium-2.25.0/libs/htmlunit-core-js-2.9.jar:/home/timnsaf/functional-test-suite/lib/selenium-2.25.0/libs/httpclient-4.1.3.jar:/home/timnsaf/functional-test-suite/lib/selenium-2.25.0/libs/httpcore-4.1.3.jar:/home/timnsaf/functional-test-suite/lib/selenium-2.25.0/libs/httpmime-4.1.3.jar:/home/timnsaf/functional-test-suite/lib/selenium-2.25.0/libs/jasper-compiler-5.5.15.jar:/home/timnsaf/functional-test-suite/lib/selenium-2.25.0/libs/jasper-compiler-jdt-5.5.15.jar:/home/timnsaf/functional-test-suite/lib/selenium-2.25.0/libs/jasper-runtime-5.5.15.jar:/home/timnsaf/functional-test-suite/lib/selenium-2.25.0/libs/jcip-annotations-1.0.jar:/home/timnsaf/functional-test-suite/lib/selenium-2.25.0/libs/jcommander-1.13.jar:/home/timnsaf/functional-test-suite/lib/selenium-2.25.0/libs/jetty-repacked-7.6.1.jar:/home/timnsaf/functional-test-suite/lib/selenium-2.25.0/libs/jna-3.4.0.jar:/home/timnsaf/functional-test-suite/lib/selenium-2.25.0/libs/jna-platform-3.4.0.jar:/home/timnsaf/functional-test-suite/lib/selenium-2.25.0/libs/json-20080701.jar:/home/timnsaf/functional-test-suite/lib/selenium-2.25.0/libs/junit-dep-4.10.jar:/home/timnsaf/functional-test-suite/lib/selenium-2.25.0/libs/nekohtml-1.9.15.jar:/home/timnsaf/functional-test-suite/lib/selenium-2.25.0/libs/netty-3.2.7.Final.jar:/home/timnsaf/functional-test-suite/lib/selenium-2.25.0/libs/operadriver-0.14.jar:/home/timnsaf/functional-test-suite/lib/selenium-2.25.0/libs/protobuf-java-2.4.1.jar:/home/timnsaf/functional-test-suite/lib/selenium-2.25.0/libs/sac-1.3.jar:/home/timnsaf/functional-test-suite/lib/selenium-2.25.0/libs/serializer-2.7.1.jar:/home/timnsaf/functional-test-suite/lib/selenium-2.25.0/libs/servlet-api-2.5-6.1.9.jar:/home/timnsaf/functional-test-suite/lib/selenium-2.25.0/libs/snakeyaml-1.8.jar:/home/timnsaf/functional-test-suite/lib/selenium-2.25.0/libs/testng-6.0.1-nobsh-noguice.jar:/home/timnsaf/functional-test-suite/lib/selenium-2.25.0/libs/webbit-0.4.8-SNAPSHOT.jar:/home/timnsaf/functional-test-suite/lib/selenium-2.25.0/libs/xalan-2.7.1.jar:/home/timnsaf/functional-test-suite/lib/selenium-2.25.0/libs/xml-apis-1.3.04.jar:/home/timnsaf/functional-test-suite/build:/home/timnsaf/functional-test-suite/src:/home/timnsaf/Apps/eclipse/plugins/org.apache.ant_1.8.2.v20120109-1030/lib/ant-launcher.jar:/home/timnsaf/Apps/eclipse/plugins/org.apache.ant_1.8.2.v20120109-1030/lib/ant.jar:/home/timnsaf/Apps/eclipse/plugins/org.apache.ant_1.8.2.v20120109-1030/lib/ant-junit.jar:/home/timnsaf/Apps/eclipse/plugins/org.apache.ant_1.8.2.v20120109-1030/lib/ant-junit4.jar" />
    <property name="ant.version" value="Apache Ant(TM) version 1.8.2 compiled on December 20 2010" />
    <property name="testreport" value="/home/timnsaf/functional-test-suite/junit-report" />
    <property name="java.vm.specification.name" value="Java Virtual Machine Specification" />
    <property name="java.vm.specification.version" value="1.0" />
    <property name="sun.cpu.endian" value="little" />
    <property name="sun.os.patch.level" value="unknown" />
    <property name="eclipse.pdebuild.home" value="/home/timnsaf/Apps/eclipse/plugins/org.eclipse.pde.build_3.7.0.v20111116-2009/.//" />
    <property name="java.io.tmpdir" value="/tmp" />
    <property name="java.vendor.url.bug" value="http://java.sun.com/cgi-bin/bugreport.cgi" />
    <property name="os.arch" value="amd64" />
    <property name="java.awt.graphicsenv" value="sun.awt.X11GraphicsEnvironment" />
    <property name="java.ext.dirs" value="/usr/lib/jvm/java-6-openjdk-amd64/jre/lib/ext:/usr/java/packages/lib/ext" />
    <property name="user.dir" value="/home/timnsaf/functional-test-suite" />
    <property name="line.separator" value="&#xa;" />
    <property name="java.vm.name" value="OpenJDK 64-Bit Server VM" />
    <property name="basedir" value="/home/timnsaf/functional-test-suite" />
    <property name="ant.java.version" value="1.6" />
    <property name="ant.core.lib" value="/home/timnsaf/Apps/eclipse/plugins/org.apache.ant_1.8.2.v20120109-1030/lib/ant.jar" />
    <property name="file.encoding" value="UTF-8" />
    <property name="sellibs" value="/home/timnsaf/functional-test-suite/lib/selenium-2.25.0" />
    <property name="java.specification.version" value="1.6" />
    <property name="ant.project.invoked-targets" value="run_tests" />
  </properties>
  <testcase classname="com.moodle.test.datacreation.MDLQADT5TurnOffTinyMCE" name="login" time="11.438" />
  <testcase classname="com.moodle.test.datacreation.MDLQADT5TurnOffTinyMCE" name="turnOffTinyMCE" time="33.5">
    <error message="Unable to find element with xpath == .//tr[contains(.,&apos;TinyMCE HTML editor&apos;)]/*/a/img[@alt=&apos;enable&apos;] (WARNING: The server did not provide any stacktrace information)&#xa;Command duration or timeout: 2.67 seconds&#xa;For documentation on this error, please visit: http://seleniumhq.org/exceptions/no_such_element.html&#xa;Build info: version: &apos;2.25.0&apos;, revision: &apos;17482&apos;, time: &apos;2012-07-18 21:08:56&apos;&#xa;System info: os.name: &apos;Windows 7&apos;, os.arch: &apos;x86&apos;, os.version: &apos;6.1&apos;, java.version: &apos;1.7.0_05&apos;&#xa;Driver info: driver.version: EventFiringWebDriver&#xa;Session ID: f4ff0186-eef3-4a16-adf1-0074f07bedae&#xa;Command duration or timeout: 3.70 seconds&#xa;For documentation on this error, please visit: http://seleniumhq.org/exceptions/no_such_element.html&#xa;Build info: version: &apos;2.25.0&apos;, revision: &apos;17482&apos;, time: &apos;2012-07-18 21:08:56&apos;&#xa;System info: os.name: &apos;Linux&apos;, os.arch: &apos;amd64&apos;, os.version: &apos;3.2.0-27-generic&apos;, java.version: &apos;1.6.0_24&apos;&#xa;Driver info: driver.version: RemoteWebDriver&#xa;Session ID: 1343517716929" type="org.openqa.selenium.NoSuchElementException">org.openqa.selenium.NoSuchElementException: Unable to find element with xpath == .//tr[contains(.,&apos;TinyMCE HTML editor&apos;)]/*/a/img[@alt=&apos;enable&apos;] (WARNING: The server did not provide any stacktrace information)
Command duration or timeout: 2.67 seconds
For documentation on this error, please visit: http://seleniumhq.org/exceptions/no_such_element.html
Build info: version: &apos;2.25.0&apos;, revision: &apos;17482&apos;, time: &apos;2012-07-18 21:08:56&apos;
System info: os.name: &apos;Windows 7&apos;, os.arch: &apos;x86&apos;, os.version: &apos;6.1&apos;, java.version: &apos;1.7.0_05&apos;
Driver info: driver.version: EventFiringWebDriver
Session ID: f4ff0186-eef3-4a16-adf1-0074f07bedae
Command duration or timeout: 3.70 seconds
For documentation on this error, please visit: http://seleniumhq.org/exceptions/no_such_element.html
Build info: version: &apos;2.25.0&apos;, revision: &apos;17482&apos;, time: &apos;2012-07-18 21:08:56&apos;
System info: os.name: &apos;Linux&apos;, os.arch: &apos;amd64&apos;, os.version: &apos;3.2.0-27-generic&apos;, java.version: &apos;1.6.0_24&apos;
Driver info: driver.version: RemoteWebDriver
Session ID: 1343517716929
	at java.lang.reflect.Constructor.newInstance(Constructor.java:532)
	at org.openqa.selenium.remote.ErrorHandler.createThrowable(ErrorHandler.java:188)
	at org.openqa.selenium.remote.ErrorHandler.throwIfResponseFailed(ErrorHandler.java:145)
	at org.openqa.selenium.remote.RemoteWebDriver.execute(RemoteWebDriver.java:498)
	at org.openqa.selenium.remote.RemoteWebDriver.findElement(RemoteWebDriver.java:268)
	at org.openqa.selenium.remote.RemoteWebDriver.findElementByXPath(RemoteWebDriver.java:353)
	at com.moodle.testmanager.pageObjectModel.PluginsManageEditors.clickEnableDisable(PluginsManageEditors.java:73)
	at com.moodle.testmanager.pageObjectModel.PluginsManageEditors.clickEnableDisableTinyMCE(PluginsManageEditors.java:93)
	at com.moodle.test.datacreation.MDLQADT5TurnOffTinyMCE.turnOffTinyMCE(MDLQADT5TurnOffTinyMCE.java:40)
Caused by: org.openqa.selenium.remote.ScreenshotException: Screen shot has been taken
Build info: version: &apos;2.25.0&apos;, revision: &apos;17482&apos;, time: &apos;2012-07-18 21:08:56&apos;
System info: os.name: &apos;Linux&apos;, os.arch: &apos;amd64&apos;, os.version: &apos;3.2.0-27-generic&apos;, java.version: &apos;1.6.0_24&apos;
Driver info: driver.version: RemoteWebDriver
	at org.openqa.selenium.remote.ErrorHandler.throwIfResponseFailed(ErrorHandler.java:125)
Caused by: org.openqa.selenium.NoSuchElementException: Unable to find element with xpath == .//tr[contains(.,&apos;TinyMCE HTML editor&apos;)]/*/a/img[@alt=&apos;enable&apos;] (WARNING: The server did not provide any stacktrace information)
Command duration or timeout: 2.67 seconds
For documentation on this error, please visit: http://seleniumhq.org/exceptions/no_such_element.html
Build info: version: &apos;2.25.0&apos;, revision: &apos;17482&apos;, time: &apos;2012-07-18 21:08:56&apos;
System info: os.name: &apos;Windows 7&apos;, os.arch: &apos;x86&apos;, os.version: &apos;6.1&apos;, java.version: &apos;1.7.0_05&apos;
Driver info: driver.version: EventFiringWebDriver
Session ID: f4ff0186-eef3-4a16-adf1-0074f07bedae
For documentation on this error, please visit: http://seleniumhq.org/exceptions/no_such_element.html
Build info: version: &apos;2.25.0&apos;, revision: &apos;17482&apos;, time: &apos;2012-07-18 21:08:56&apos;
System info: os.name: &apos;Linux&apos;, os.arch: &apos;amd64&apos;, os.version: &apos;3.2.0-27-generic&apos;, java.version: &apos;1.6.0_24&apos;
Driver info: driver.version: EventFiringWebDriver
	at java.lang.reflect.Constructor.newInstance(Unknown Source)
	at org.openqa.selenium.remote.ErrorHandler.createThrowable(ErrorHandler.java:188)
	at org.openqa.selenium.remote.ErrorHandler.throwIfResponseFailed(ErrorHandler.java:145)
	at org.openqa.selenium.remote.RemoteWebDriver.execute(RemoteWebDriver.java:498)
	at org.openqa.selenium.remote.RemoteWebDriver.findElement(RemoteWebDriver.java:268)
	at org.openqa.selenium.remote.RemoteWebDriver.findElementByXPath(RemoteWebDriver.java:353)
	at org.openqa.selenium.By$ByXPath.findElement(By.java:343)
	at org.openqa.selenium.remote.RemoteWebDriver.findElement(RemoteWebDriver.java:260)
	at org.openqa.selenium.support.events.EventFiringWebDriver$2.invoke(EventFiringWebDriver.java:101)
	at $Proxy2.findElement(Unknown Source)
	at org.openqa.selenium.support.events.EventFiringWebDriver.findElement(EventFiringWebDriver.java:180)
	at org.openqa.selenium.remote.server.handler.FindElement.call(FindElement.java:47)
	at org.openqa.selenium.remote.server.handler.FindElement.call(FindElement.java:1)
	at java.util.concurrent.FutureTask$Sync.innerRun(Unknown Source)
	at java.util.concurrent.FutureTask.run(Unknown Source)
	at org.openqa.selenium.remote.server.DefaultSession$1.run(DefaultSession.java:150)
	at java.util.concurrent.ThreadPoolExecutor.runWorker(Unknown Source)
	at java.util.concurrent.ThreadPoolExecutor$Worker.run(Unknown Source)
	at java.lang.Thread.run(Unknown Source)
</error>
  </testcase>
  <system-out><![CDATA[]]></system-out>
  <system-err><![CDATA[]]></system-err>
</testsuite>
