<?xml version="1.0" encoding="UTF-8" ?>
<testsuite errors="2" failures="0" hostname="tim.moodle.local" name="com.moodle.test.datacreation.MDLQADT2AddUsers" tests="0" time="0.406" timestamp="2012-07-26T05:56:36">
  <properties>
    <property name="java.vendor" value="Sun Microsystems Inc." />
    <property name="libs" value="/home/tim/Selenium tests/SeleniumTests/lib" />
    <property name="sun.java.launcher" value="SUN_STANDARD" />
    <property name="eclipse.pdebuild.templates" value="/home/tim/apps/eclipse/plugins/org.eclipse.pde.build_3.7.0.v20111116-2009/templates//" />
    <property name="sun.management.compiler" value="HotSpot 64-Bit Tiered Compilers" />
    <property name="os.name" value="Linux" />
    <property name="sun.boot.class.path" value="/usr/lib/jvm/java-6-openjdk-amd64/jre/lib/resources.jar:/usr/lib/jvm/java-6-openjdk-amd64/jre/lib/rt.jar:/usr/lib/jvm/java-6-openjdk-amd64/jre/lib/sunrsasign.jar:/usr/lib/jvm/java-6-openjdk-amd64/jre/lib/jsse.jar:/usr/lib/jvm/java-6-openjdk-amd64/jre/lib/jce.jar:/usr/lib/jvm/java-6-openjdk-amd64/jre/lib/charsets.jar:/usr/lib/jvm/java-6-openjdk-amd64/jre/lib/netx.jar:/usr/lib/jvm/java-6-openjdk-amd64/jre/lib/plugin.jar:/usr/lib/jvm/java-6-openjdk-amd64/jre/lib/rhino.jar:/usr/lib/jvm/java-6-openjdk-amd64/jre/lib/modules/jdk.boot.jar:/usr/lib/jvm/java-6-openjdk-amd64/jre/classes" />
    <property name="ant.file.Run Selenium Tests" value="/home/tim/Selenium tests/SeleniumTests/build.xml" />
    <property name="sun.desktop" value="gnome" />
    <property name="java.vm.specification.vendor" value="Sun Microsystems Inc." />
    <property name="ant.home" value="/home/tim/apps/eclipse/plugins/org.apache.ant_1.8.2.v20120109-1030" />
    <property name="java.runtime.version" value="1.6.0_24-b24" />
    <property name="user.name" value="tim" />
    <property name="sublibs" value="/home/tim/Selenium tests/SeleniumTests/lib/selenium-2.25.0/libs" />
    <property name="user.language" value="en" />
    <property name="testresults" value="/home/tim/Selenium tests/SeleniumTests/junit-results" />
    <property name="build" value="/home/tim/Selenium tests/SeleniumTests/build" />
    <property name="sun.boot.library.path" value="/usr/lib/jvm/java-6-openjdk-amd64/jre/lib/amd64" />
    <property name="ant.project.default-target" value="all_selenium_tests" />
    <property name="ant.project.name" value="Run Selenium Tests" />
    <property name="java.version" value="1.6.0_24" />
    <property name="ant.file.type.Run Selenium Tests" value="file" />
    <property name="user.timezone" value="" />
    <property name="sun.arch.data.model" value="64" />
    <property name="java.endorsed.dirs" value="/usr/lib/jvm/java-6-openjdk-amd64/jre/lib/endorsed" />
    <property name="sun.cpu.isalist" value="" />
    <property name="sun.jnu.encoding" value="UTF-8" />
    <property name="file.encoding.pkg" value="sun.io" />
    <property name="file.separator" value="/" />
    <property name="java.specification.name" value="Java Platform API Specification" />
    <property name="java.class.version" value="50.0" />
    <property name="src" value="/home/tim/Selenium tests/SeleniumTests/src" />
    <property name="user.country" value="AU" />
    <property name="java.home" value="/usr/lib/jvm/java-6-openjdk-amd64/jre" />
    <property name="java.vm.info" value="mixed mode" />
    <property name="ant.file" value="/home/tim/Selenium tests/SeleniumTests/build.xml" />
    <property name="os.version" value="3.2.0-26-generic" />
    <property name="path.separator" value=":" />
    <property name="java.vm.version" value="20.0-b12" />
    <property name="ant.library.dir" value="/home/tim/apps/eclipse/plugins/org.apache.ant_1.8.2.v20120109-1030/lib" />
    <property name="java.awt.printerjob" value="sun.print.PSPrinterJob" />
    <property name="sun.io.unicode.encoding" value="UnicodeLittle" />
    <property name="eclipse.pdebuild.scripts" value="/home/tim/apps/eclipse/plugins/org.eclipse.pde.build_3.7.0.v20111116-2009/scripts//" />
    <property name="user.home" value="/home/tim" />
    <property name="junit.error" value="true" />
    <property name="java.specification.vendor" value="Sun Microsystems Inc." />
    <property name="java.library.path" value="/usr/lib/jvm/java-6-openjdk-amd64/jre/lib/amd64/server:/usr/lib/jvm/java-6-openjdk-amd64/jre/lib/amd64:/usr/lib/jvm/java-6-openjdk-amd64/jre/../lib/amd64:/usr/java/packages/lib/amd64:/usr/lib/x86_64-linux-gnu/jni:/lib/x86_64-linux-gnu:/usr/lib/x86_64-linux-gnu:/usr/lib/jni:/lib:/usr/lib" />
    <property name="java.vendor.url" value="http://java.sun.com/" />
    <property name="java.vm.vendor" value="Sun Microsystems Inc." />
    <property name="java.runtime.name" value="OpenJDK Runtime Environment" />
    <property name="sun.java.command" value="org.apache.tools.ant.taskdefs.optional.junit.JUnitTestRunner com.moodle.test.datacreation.MDLQADT2AddUsers filtertrace=true haltOnError=false haltOnFailure=false formatter=org.apache.tools.ant.taskdefs.optional.junit.SummaryJUnitResultFormatter showoutput=false outputtoformatters=true logfailedtests=true logtestlistenerevents=false formatter=org.apache.tools.ant.taskdefs.optional.junit.XMLJUnitResultFormatter,/home/tim/Selenium tests/SeleniumTests/junit-results/TEST-com.moodle.test.datacreation.MDLQADT2AddUsers.xml crashfile=/home/tim/Selenium tests/SeleniumTests/junitvmwatcher1713654012800582932.properties propsfile=/home/tim/Selenium tests/SeleniumTests/junit1073275187116591051.properties" />
    <property name="java.class.path" value="/home/tim/Selenium tests/SeleniumTests/lib/junit-4.10.jar:/home/tim/Selenium tests/SeleniumTests/lib/selenium-2.25.0/selenium-java-2.25.0.jar:/home/tim/Selenium tests/SeleniumTests/lib/selenium-2.25.0/selenium-java-2.25.0-srcs.jar:/home/tim/Selenium tests/SeleniumTests/lib/selenium-2.25.0/selenium-server-standalone-2.25.0.jar:/home/tim/Selenium tests/SeleniumTests/lib/selenium-2.25.0/libs/apache-mime4j-0.6.jar:/home/tim/Selenium tests/SeleniumTests/lib/selenium-2.25.0/libs/bcpkix-jdk15on-1.47.jar:/home/tim/Selenium tests/SeleniumTests/lib/selenium-2.25.0/libs/bcprov-jdk15on-147.jar:/home/tim/Selenium tests/SeleniumTests/lib/selenium-2.25.0/libs/bsh-1.3.0.jar:/home/tim/Selenium tests/SeleniumTests/lib/selenium-2.25.0/libs/cglib-nodep-2.1_3.jar:/home/tim/Selenium tests/SeleniumTests/lib/selenium-2.25.0/libs/commons-codec-1.6.jar:/home/tim/Selenium tests/SeleniumTests/lib/selenium-2.25.0/libs/commons-collections-3.2.1.jar:/home/tim/Selenium tests/SeleniumTests/lib/selenium-2.25.0/libs/commons-el-1.0.jar:/home/tim/Selenium tests/SeleniumTests/lib/selenium-2.25.0/libs/commons-exec-1.1.jar:/home/tim/Selenium tests/SeleniumTests/lib/selenium-2.25.0/libs/commons-io-2.0.1.jar:/home/tim/Selenium tests/SeleniumTests/lib/selenium-2.25.0/libs/commons-jxpath-1.3.jar:/home/tim/Selenium tests/SeleniumTests/lib/selenium-2.25.0/libs/commons-lang-2.6.jar:/home/tim/Selenium tests/SeleniumTests/lib/selenium-2.25.0/libs/commons-logging-1.1.1.jar:/home/tim/Selenium tests/SeleniumTests/lib/selenium-2.25.0/libs/cssparser-0.9.5.jar:/home/tim/Selenium tests/SeleniumTests/lib/selenium-2.25.0/libs/guava-12.0.jar:/home/tim/Selenium tests/SeleniumTests/lib/selenium-2.25.0/libs/hamcrest-core-1.1.jar:/home/tim/Selenium tests/SeleniumTests/lib/selenium-2.25.0/libs/hamcrest-library-1.1.jar:/home/tim/Selenium tests/SeleniumTests/lib/selenium-2.25.0/libs/htmlunit-2.9.jar:/home/tim/Selenium tests/SeleniumTests/lib/selenium-2.25.0/libs/htmlunit-core-js-2.9.jar:/home/tim/Selenium tests/SeleniumTests/lib/selenium-2.25.0/libs/httpclient-4.1.3.jar:/home/tim/Selenium tests/SeleniumTests/lib/selenium-2.25.0/libs/httpcore-4.1.3.jar:/home/tim/Selenium tests/SeleniumTests/lib/selenium-2.25.0/libs/httpmime-4.1.3.jar:/home/tim/Selenium tests/SeleniumTests/lib/selenium-2.25.0/libs/jasper-compiler-5.5.15.jar:/home/tim/Selenium tests/SeleniumTests/lib/selenium-2.25.0/libs/jasper-compiler-jdt-5.5.15.jar:/home/tim/Selenium tests/SeleniumTests/lib/selenium-2.25.0/libs/jasper-runtime-5.5.15.jar:/home/tim/Selenium tests/SeleniumTests/lib/selenium-2.25.0/libs/jcip-annotations-1.0.jar:/home/tim/Selenium tests/SeleniumTests/lib/selenium-2.25.0/libs/jcommander-1.13.jar:/home/tim/Selenium tests/SeleniumTests/lib/selenium-2.25.0/libs/jetty-repacked-7.6.1.jar:/home/tim/Selenium tests/SeleniumTests/lib/selenium-2.25.0/libs/jna-3.4.0.jar:/home/tim/Selenium tests/SeleniumTests/lib/selenium-2.25.0/libs/jna-platform-3.4.0.jar:/home/tim/Selenium tests/SeleniumTests/lib/selenium-2.25.0/libs/json-20080701.jar:/home/tim/Selenium tests/SeleniumTests/lib/selenium-2.25.0/libs/junit-dep-4.10.jar:/home/tim/Selenium tests/SeleniumTests/lib/selenium-2.25.0/libs/nekohtml-1.9.15.jar:/home/tim/Selenium tests/SeleniumTests/lib/selenium-2.25.0/libs/netty-3.2.7.Final.jar:/home/tim/Selenium tests/SeleniumTests/lib/selenium-2.25.0/libs/operadriver-0.14.jar:/home/tim/Selenium tests/SeleniumTests/lib/selenium-2.25.0/libs/protobuf-java-2.4.1.jar:/home/tim/Selenium tests/SeleniumTests/lib/selenium-2.25.0/libs/sac-1.3.jar:/home/tim/Selenium tests/SeleniumTests/lib/selenium-2.25.0/libs/serializer-2.7.1.jar:/home/tim/Selenium tests/SeleniumTests/lib/selenium-2.25.0/libs/servlet-api-2.5-6.1.9.jar:/home/tim/Selenium tests/SeleniumTests/lib/selenium-2.25.0/libs/snakeyaml-1.8.jar:/home/tim/Selenium tests/SeleniumTests/lib/selenium-2.25.0/libs/testng-6.0.1-nobsh-noguice.jar:/home/tim/Selenium tests/SeleniumTests/lib/selenium-2.25.0/libs/webbit-0.4.8-SNAPSHOT.jar:/home/tim/Selenium tests/SeleniumTests/lib/selenium-2.25.0/libs/xalan-2.7.1.jar:/home/tim/Selenium tests/SeleniumTests/lib/selenium-2.25.0/libs/xml-apis-1.3.04.jar:/home/tim/Selenium tests/SeleniumTests/build:/home/tim/Selenium tests/SeleniumTests/src:/home/tim/apps/eclipse/plugins/org.apache.ant_1.8.2.v20120109-1030/lib/ant-launcher.jar:/home/tim/apps/eclipse/plugins/org.apache.ant_1.8.2.v20120109-1030/lib/ant.jar:/home/tim/apps/eclipse/plugins/org.apache.ant_1.8.2.v20120109-1030/lib/ant-junit.jar:/home/tim/apps/eclipse/plugins/org.apache.ant_1.8.2.v20120109-1030/lib/ant-junit4.jar" />
    <property name="ant.version" value="Apache Ant(TM) version 1.8.2 compiled on December 20 2010" />
    <property name="testreport" value="/home/tim/Selenium tests/SeleniumTests/junit-report" />
    <property name="java.vm.specification.name" value="Java Virtual Machine Specification" />
    <property name="java.vm.specification.version" value="1.0" />
    <property name="sun.cpu.endian" value="little" />
    <property name="sun.os.patch.level" value="unknown" />
    <property name="eclipse.pdebuild.home" value="/home/tim/apps/eclipse/plugins/org.eclipse.pde.build_3.7.0.v20111116-2009/.//" />
    <property name="java.io.tmpdir" value="/tmp" />
    <property name="java.vendor.url.bug" value="http://java.sun.com/cgi-bin/bugreport.cgi" />
    <property name="os.arch" value="amd64" />
    <property name="java.awt.graphicsenv" value="sun.awt.X11GraphicsEnvironment" />
    <property name="java.ext.dirs" value="/usr/lib/jvm/java-6-openjdk-amd64/jre/lib/ext:/usr/java/packages/lib/ext" />
    <property name="user.dir" value="/home/tim/Selenium tests/SeleniumTests" />
    <property name="line.separator" value="&#xa;" />
    <property name="java.vm.name" value="OpenJDK 64-Bit Server VM" />
    <property name="basedir" value="/home/tim/Selenium tests/SeleniumTests" />
    <property name="ant.java.version" value="1.6" />
    <property name="ant.core.lib" value="/home/tim/apps/eclipse/plugins/org.apache.ant_1.8.2.v20120109-1030/lib/ant.jar" />
    <property name="file.encoding" value="UTF-8" />
    <property name="sellibs" value="/home/tim/Selenium tests/SeleniumTests/lib/selenium-2.25.0" />
    <property name="java.specification.version" value="1.6" />
    <property name="ant.project.invoked-targets" value="run_tests" />
  </properties>
  <testcase classname="junit.framework.TestSuite" name="com.moodle.test.datacreation.MDLQADT2AddUsers" time="0.001">
    <error message="Could not start a new session. Possible causes are invalid address of the remote server or browser start-up failure.&#xa;Build info: version: &apos;2.25.0&apos;, revision: &apos;17482&apos;, time: &apos;2012-07-18 21:09:54&apos;&#xa;System info: os.name: &apos;Linux&apos;, os.arch: &apos;amd64&apos;, os.version: &apos;3.2.0-26-generic&apos;, java.version: &apos;1.6.0_24&apos;&#xa;Driver info: driver.version: RemoteWebDriver" type="org.openqa.selenium.remote.UnreachableBrowserException">org.openqa.selenium.remote.UnreachableBrowserException: Could not start a new session. Possible causes are invalid address of the remote server or browser start-up failure.
Build info: version: &apos;2.25.0&apos;, revision: &apos;17482&apos;, time: &apos;2012-07-18 21:09:54&apos;
System info: os.name: &apos;Linux&apos;, os.arch: &apos;amd64&apos;, os.version: &apos;3.2.0-26-generic&apos;, java.version: &apos;1.6.0_24&apos;
Driver info: driver.version: RemoteWebDriver
	at org.openqa.selenium.remote.RemoteWebDriver.execute(RemoteWebDriver.java:493)
	at org.openqa.selenium.remote.RemoteWebDriver.startSession(RemoteWebDriver.java:182)
	at org.openqa.selenium.remote.RemoteWebDriver.&lt;init&gt;(RemoteWebDriver.java:110)
	at org.openqa.selenium.remote.RemoteWebDriver.&lt;init&gt;(RemoteWebDriver.java:128)
	at com.moodle.test.SeleniumManager.startRemotes(SeleniumManager.java:44)
	at com.moodle.test.TestRunSettings.automateTestSetup(TestRunSettings.java:113)
Caused by: org.apache.http.conn.HttpHostConnectException: Connection to http://nightly01.test.local:4444 refused
	at org.apache.http.impl.conn.DefaultClientConnectionOperator.openConnection(DefaultClientConnectionOperator.java:158)
	at org.apache.http.impl.conn.AbstractPoolEntry.open(AbstractPoolEntry.java:150)
	at org.apache.http.impl.conn.AbstractPooledConnAdapter.open(AbstractPooledConnAdapter.java:121)
	at org.apache.http.impl.client.DefaultRequestDirector.tryConnect(DefaultRequestDirector.java:575)
	at org.apache.http.impl.client.DefaultRequestDirector.execute(DefaultRequestDirector.java:425)
	at org.apache.http.impl.client.AbstractHttpClient.execute(AbstractHttpClient.java:820)
	at org.openqa.selenium.remote.HttpCommandExecutor.fallBackExecute(HttpCommandExecutor.java:319)
	at org.openqa.selenium.remote.HttpCommandExecutor.execute(HttpCommandExecutor.java:297)
	at org.openqa.selenium.remote.RemoteWebDriver.execute(RemoteWebDriver.java:472)
Caused by: java.net.ConnectException: Connection refused
	at java.net.PlainSocketImpl.socketConnect(Native Method)
	at java.net.AbstractPlainSocketImpl.doConnect(AbstractPlainSocketImpl.java:327)
	at java.net.AbstractPlainSocketImpl.connectToAddress(AbstractPlainSocketImpl.java:193)
	at java.net.AbstractPlainSocketImpl.connect(AbstractPlainSocketImpl.java:180)
	at java.net.SocksSocketImpl.connect(SocksSocketImpl.java:384)
	at java.net.Socket.connect(Socket.java:546)
	at org.apache.http.conn.scheme.PlainSocketFactory.connectSocket(PlainSocketFactory.java:123)
	at org.apache.http.impl.conn.DefaultClientConnectionOperator.openConnection(DefaultClientConnectionOperator.java:148)
</error>
  </testcase>
  <testcase classname="junit.framework.TestSuite" name="com.moodle.test.datacreation.MDLQADT2AddUsers" time="0.0">
    <error type="java.lang.NullPointerException">java.lang.NullPointerException
	at com.moodle.test.SeleniumManager.teardown(SeleniumManager.java:165)
	at com.moodle.test.TestRunSettings.Quit(TestRunSettings.java:124)
</error>
  </testcase>
  <system-out><![CDATA[]]></system-out>
  <system-err><![CDATA[]]></system-err>
</testsuite>
